
UsersController
  GET #edit
    ログインユーザーの場合
[32m      レスポンスが成功すること[0m
[32m      @userが正しく設定されていること[0m

Bookモデルのテスト
  バリデーションのテスト
    titleカラム
[32m      空欄でないこと[0m
    bodyカラム
[32m      空欄でないこと[0m
[32m      200文字以下であること: 200文字は〇[0m
[32m      200文字以下であること: 201文字は×[0m
  アソシエーションのテスト
    Userモデルとの関係
[32m      N:1となっている[0m

Userモデルのテスト
  バリデーションのテスト
    nameカラム
[32m      空欄でないこと[0m
[32m      2文字以上であること: 1文字は×[0m
[32m      2文字以上であること: 2文字は〇[0m
[32m      20文字以下であること: 20文字は〇[0m
[32m      20文字以下であること: 21文字は×[0m
[32m      一意性があること[0m
    introductionカラム
[32m      50文字以下であること: 50文字は〇[0m
[32m      50文字以下であること: 51文字は×[0m
  アソシエーションのテスト
    Bookモデルとの関係
[32m      1:Nとなっている[0m

[STEP1] ユーザログイン前のテスト
  トップ画面のテスト
    表示内容の確認
[32m      URLが正しい[0m
[32m      Log inリンクが表示される: 青色のボタンの表示が「Log in」である[0m
[32m      Log inリンクの内容が正しい[0m
[32m      Sign upリンクが表示される: 緑色のボタンの表示が「Sign up」である[0m
[32m      Sign upリンクの内容が正しい[0m
  アバウト画面のテスト
    表示内容の確認
[32m      URLが正しい[0m
  ヘッダーのテスト: ログインしていない場合
    表示内容の確認
[32m      Bookersリンクが表示される: 左上から1番目のリンクが「Bookers」である[0m
[32m      Homeリンクが表示される: 左上から2番目のリンクが「Home」である[0m
[32m      Aboutリンクが表示される: 左上から3番目のリンクが「About」である[0m
[32m      Sign upリンクが表示される: 左上から4番目のリンクが「Sign up」である[0m
[32m      Log inリンクが表示される: 左上から5番目のリンクが「Log in」である[0m
    リンクの内容を確認
[32m      Bookersを押すと、トップ画面に遷移する[0m
[32m      Homeを押すと、トップ画面に遷移する[0m
[32m      Aboutを押すと、アバウト画面に遷移する[0m
[32m      Sign upを押すと、新規登録画面に遷移する[0m
[32m      Log inを押すと、ログイン画面に遷移する[0m
  ユーザ新規登録のテスト
    表示内容の確認
[32m      URLが正しい[0m
[32m      「Sign up」と表示される[0m
[32m      nameフォームが表示される[0m
[32m      emailフォームが表示される[0m
[32m      passwordフォームが表示される[0m
[32m      password_confirmationフォームが表示される[0m
[32m      Sign upボタンが表示される[0m
    新規登録成功のテスト
[32m      正しく新規登録される[0m
[32m      新規登録後のリダイレクト先が、新規登録できたユーザの詳細画面になっている[0m
  ユーザログイン
    表示内容の確認
[32m      URLが正しい[0m
[32m      「Log in」と表示される[0m
[32m      nameフォームが表示される[0m
[32m      passwordフォームが表示される[0m
[32m      Log inボタンが表示される[0m
[32m      emailフォームは表示されない[0m
    ログイン成功のテスト
[32m      ログイン後のリダイレクト先が、ログインしたユーザの詳細画面になっている[0m
    ログイン失敗のテスト
[32m      ログインに失敗し、ログイン画面にリダイレクトされる[0m
  ヘッダーのテスト: ログインしている場合
    ヘッダーの表示を確認
[32m      Bookersリンクが表示される: 左上から1番目のリンクが「Bookers」である[0m
[32m      Homeリンクが表示される: 左上から2番目のリンクが「Home」である[0m
[32m      Usersリンクが表示される: 左上から3番目のリンクが「Users」である[0m
[32m      Booksリンクが表示される: 左上から4番目のリンクが「Books」である[0m
[32m      Log outリンクが表示される: 左上から5番目のリンクが「Log out」である[0m
  ユーザログアウトのテスト
    ログアウト機能のテスト
[32m      正しくログアウトできている: ログアウト後のリダイレクト先においてAbout画面へのリンクが存在する[0m
[32m      ログアウト後のリダイレクト先が、トップになっている[0m

[STEP2] ユーザログイン後のテスト
  ヘッダーのテスト: ログインしている場合
    リンクの内容を確認: ※logoutは『ユーザログアウトのテスト』でテスト済みになります。
[32m      Homeを押すと、自分のユーザ詳細画面に遷移する[0m
[31m      Usersを押すと、ユーザ一覧画面に遷移する (FAILED - 1)[0m
[32m      Booksを押すと、投稿一覧画面に遷移する[0m
  投稿一覧画面のテスト
    表示内容の確認
[32m      URLが正しい[0m
[32m      自分と他人の画像のリンク先が正しい[0m
[32m      自分の投稿と他人の投稿のタイトルのリンク先がそれぞれ正しい[0m
[32m      自分の投稿と他人の投稿のオピニオンが表示される[0m
    サイドバーの確認
[32m      自分の名前と紹介文が表示される[0m
[32m      自分のユーザ編集画面へのリンクが存在する[0m
[32m      「New book」と表示される[0m
[32m      titleフォームが表示される[0m
[32m      titleフォームに値が入っていない[0m
[32m      bodyフォームが表示される[0m
[32m      bodyフォームに値が入っていない[0m
[32m      Create Bookボタンが表示される[0m
    投稿成功のテスト
[32m      自分の新しい投稿が正しく保存される[0m
[32m      リダイレクト先が、保存できた投稿の詳細画面になっている[0m
  自分の投稿詳細画面のテスト
    表示内容の確認
[32m      URLが正しい[0m
[32m      「Book detail」と表示される[0m
[32m      ユーザ画像・名前のリンク先が正しい[0m
[32m      投稿のtitleが表示される[0m
[32m      投稿のbodyが表示される[0m
[32m      投稿の編集リンクが表示される[0m
[32m      投稿の削除リンクが表示される[0m
    サイドバーの確認
[32m      自分の名前と紹介文が表示される[0m
[32m      自分のユーザ編集画面へのリンクが存在する[0m
[32m      「New book」と表示される[0m
[32m      titleフォームが表示される[0m
[32m      titleフォームに値が入っていない[0m
[32m      bodyフォームが表示される[0m
[32m      bodyフォームに値が入っていない[0m
[32m      Create Bookボタンが表示される[0m
    投稿成功のテスト
[32m      自分の新しい投稿が正しく保存される[0m
    編集リンクのテスト
[32m      編集画面に遷移する[0m
    削除リンクのテスト
[32m      application.html.erbにjavascript_pack_tagを含んでいる[0m
[32m      正しく削除される[0m
[32m      リダイレクト先が、投稿一覧画面になっている[0m
  自分の投稿編集画面のテスト
    表示の確認
[32m      URLが正しい[0m
[32m      「Editing Book」と表示される[0m
[32m      title編集フォームが表示される[0m
[32m      body編集フォームが表示される[0m
[32m      Update Bookボタンが表示される[0m
[32m      Showリンクが表示される[0m
[32m      Backリンクが表示される[0m
    編集成功のテスト
[32m      titleが正しく更新される[0m
[32m      bodyが正しく更新される[0m
[32m      リダイレクト先が、更新した投稿の詳細画面になっている[0m
  ユーザ一覧画面のテスト
    表示内容の確認
[31m      URLが正しい (FAILED - 2)[0m
[31m      自分と他人の画像が表示される: fallbackの画像がサイドバーの1つ＋一覧(2人)の2つの計3つ存在する (FAILED - 3)[0m
[31m      自分と他人の名前がそれぞれ表示される (FAILED - 4)[0m
[31m      自分と他人のshowリンクがそれぞれ表示される (FAILED - 5)[0m
    サイドバーの確認
[31m      自分の名前と紹介文が表示される (FAILED - 6)[0m
[31m      自分のユーザ編集画面へのリンクが存在する (FAILED - 7)[0m
[31m      「New book」と表示される (FAILED - 8)[0m
[31m      titleフォームが表示される (FAILED - 9)[0m
[31m      titleフォームに値が入っていない (FAILED - 10)[0m
[31m      bodyフォームが表示される (FAILED - 11)[0m
[31m      bodyフォームに値が入っていない (FAILED - 12)[0m
[31m      Create Bookボタンが表示される (FAILED - 13)[0m
  自分のユーザ詳細画面のテスト
    表示の確認
[32m      URLが正しい[0m
[32m      投稿一覧のユーザ画像のリンク先が正しい[0m
[32m      投稿一覧に自分の投稿のtitleが表示され、リンクが正しい[0m
[32m      投稿一覧に自分の投稿のbodyが表示される[0m
[31m      他人の投稿は表示されない (FAILED - 14)[0m
    サイドバーの確認
[32m      自分の名前と紹介文が表示される[0m
[32m      自分のユーザ編集画面へのリンクが存在する[0m
[32m      「New book」と表示される[0m
[32m      titleフォームが表示される[0m
[32m      titleフォームに値が入っていない[0m
[32m      bodyフォームが表示される[0m
[32m      bodyフォームに値が入っていない[0m
[32m      Create Bookボタンが表示される[0m
  自分のユーザ情報編集画面のテスト
    表示の確認
[32m      URLが正しい[0m
[32m      名前編集フォームに自分の名前が表示される[0m
[32m      画像編集フォームが表示される[0m
[32m      自己紹介編集フォームに自分の自己紹介文が表示される[0m
[32m      Update Userボタンが表示される[0m
    更新成功のテスト
[32m      nameが正しく更新される[0m
[32m      introductionが正しく更新される[0m
[32m      リダイレクト先が、自分のユーザ詳細画面になっている[0m

[STEP3] 仕上げのテスト
  サクセスメッセージのテスト
[32m    ユーザ新規登録成功時[0m
[32m    ユーザログイン成功時[0m
[32m    ユーザログアウト成功時[0m
[32m    ユーザのプロフィール情報更新成功時[0m
[32m    投稿データの新規投稿成功時: 投稿一覧画面から行います。[0m
[32m    投稿データの更新成功時[0m
  処理失敗時のテスト
    ユーザ新規登録失敗: nameを1文字にする
[32m      新規登録されない[0m
[32m      新規登録画面を表示しており、フォームの内容が正しい[0m
[32m      バリデーションエラーが表示される[0m
    ユーザのプロフィール情報編集失敗: nameを1文字にする
[32m      更新されない[0m
[32m      ユーザ編集画面を表示しており、フォームの内容が正しい[0m
[31m      バリデーションエラーが表示される (FAILED - 15)[0m
    投稿データの新規投稿失敗: 投稿一覧画面から行い、titleを空にする
[31m      投稿が保存されない (FAILED - 16)[0m
[31m      投稿一覧画面を表示している (FAILED - 17)[0m
[32m      新規投稿フォームの内容が正しい[0m
[31m      バリデーションエラーが表示される (FAILED - 18)[0m
    投稿データの更新失敗: titleを空にする
[32m      投稿が更新されない[0m
[32m      投稿編集画面を表示しており、フォームの内容が正しい[0m
[32m      エラーメッセージが表示される[0m
  ログインしていない場合のアクセス制限のテスト: アクセスできず、ログイン画面に遷移する
[32m    ユーザ一覧画面[0m
[32m    ユーザ詳細画面[0m
[32m    ユーザ情報編集画面[0m
[32m    投稿一覧画面[0m
[32m    投稿詳細画面[0m
[32m    投稿編集画面[0m
  他人の画面のテスト
    他人の投稿詳細画面のテスト
      表示内容の確認
[32m        URLが正しい[0m
[32m        「Book detail」と表示される[0m
[31m        ユーザ画像・名前のリンク先が正しい (FAILED - 19)[0m
[32m        投稿のtitleが表示される[0m
[32m        投稿のopinionが表示される[0m
[31m        投稿の編集リンクが表示されない (FAILED - 20)[0m
[32m        投稿の削除リンクが表示されない[0m
      サイドバーの確認
[32m        他人の名前と紹介文が表示される[0m
[31m        他人のユーザ編集画面へのリンクが存在する (FAILED - 21)[0m
[32m        自分の名前と紹介文は表示されない[0m
[32m        自分のユーザ編集画面へのリンクは存在しない[0m
    他人の投稿編集画面
[31m      遷移できず、投稿一覧画面にリダイレクトされる (FAILED - 22)[0m
    他人のユーザ詳細画面のテスト
      表示の確認
[32m        URLが正しい[0m
[32m        投稿一覧のユーザ画像のリンク先が正しい[0m
[32m        投稿一覧に他人の投稿のtitleが表示され、リンクが正しい[0m
[32m        投稿一覧に他人の投稿のopinionが表示される[0m
[31m        自分の投稿は表示されない (FAILED - 23)[0m
      サイドバーの確認
[31m        他人の名前と紹介文が表示される (FAILED - 24)[0m
[31m        他人のユーザ編集画面へのリンクが存在する (FAILED - 25)[0m
[31m        自分の名前と紹介文は表示されない (FAILED - 26)[0m
[31m        自分のユーザ編集画面へのリンクは存在しない (FAILED - 27)[0m
    他人のユーザ情報編集画面
[31m      遷移できず、自分のユーザ詳細画面にリダイレクトされる (FAILED - 28)[0m
  グリッドシステムのテスト: container, row, col-md-〇を正しく使えている
[31m    ユーザ一覧画面 (FAILED - 29)[0m
[32m    ユーザ詳細画面[0m
[32m    投稿一覧画面[0m
[32m    投稿詳細画面[0m
  アイコンのテスト
    トップ画面
[32m      本のアイコンが表示される[0m
    アバウト画面
[32m      本のアイコンが表示される[0m
    ヘッダー: ログインしていない場合
[32m      Homeリンクのアイコンが表示される[0m
[32m      Aboutリンクのアイコンが表示される[0m
[32m      Sign upリンクのアイコンが表示される[0m
[32m      Log inリンクのアイコンが表示される[0m
    ヘッダー: ログインしている場合
[32m      Homeリンクのアイコンが表示される[0m
[32m      Usersリンクのアイコンが表示される[0m
[32m      Booksリンクのアイコンが表示される[0m
[32m      Log outリンクのアイコンが表示される[0m
    サイドバー
[31m      ユーザ一覧画面でレンチアイコンが表示される (FAILED - 30)[0m
[32m      ユーザ詳細画面でレンチアイコンが表示される[0m
[32m      投稿一覧画面でレンチアイコンが表示される[0m
[32m      投稿詳細画面でレンチアイコンが表示される[0m

Failures:

  1) [STEP2] ユーザログイン後のテスト ヘッダーのテスト: ログインしている場合 リンクの内容を確認: ※logoutは『ユーザログアウトのテスト』でテスト済みになります。 Usersを押すと、ユーザ一覧画面に遷移する
     [31mFailure/Error: Unable to find matching line in /home/ec2-user/environment/bookers_2/app/views/users/index.html.erb[0m
     [31m[0m
     [31mActionView::SyntaxErrorInTemplate:[0m
     [31m  Encountered a syntax error while rendering template: check <div class="container">[0m
     [31m    <div class="row">[0m
     [31m      <div class="col-md-3">[0m
     [31m  <table>[0m
     [31m      <tbody>[0m
     [31m      <tr>[0m
     [31m        <td><i class="fa-solid fa-user-cog"></i> User info</td>[0m
     [31m      </tr>[0m
     [31m    [0m
     [31m      <%= render 'users/profile', user: @user %>[0m
     [31m      <tr>[0m
     [31m        <td><i class="fa-solid fa-book"></i> New book</td>[0m
     [31m      </tr>[0m
     [31m      <%= render 'books/list', book: @book %>[0m
     [31m      </tbody>[0m
     [31m      </table>[0m
     [31m    </div>[0m
     [31m    <div class="col-md-8 offset-md-1">[0m
     [31m    <table class="table">[0m
     [31m      <thead>[0m
     [31m        <tr>[0m
     [31m          <th>画像</th>[0m
     [31m          <th>名前</th>[0m
     [31m          <th>詳細</th>[0m
     [31m          <th>アクション</th>[0m
     [31m        </tr>[0m
     [31m      </thead>[0m
     [31m      <tbody>[0m
     [31m        <% @users.each do |user| %>[0m
     [31m          <tr>[0m
     [31m            <td><%= image_tag user.get_profile_image(200, 200) %></td>[0m
     [31m            [0m
     [31m            <td><%= user.name %></td>[0m
     [31m            [0m
     [31m            <td><%= link_to 'Show', user_path(user.id) %></td>[0m
     [31m            [0m
     [31m            <td>[0m
     [31m              <% if user == current_user %>[0m
     [31m                <%= link_to 'Edit profile', edit_user_path(user.id) %>[0m
     [31m              <% else %>[0m
     [31m                <%= link_to "Edit profile, user_path(user.id) %>[0m
     [31m              <% end %>[0m
     [31m            </td>[0m
     [31m          </tr>[0m
     [31m        <% end %>[0m
     [31m      </tbody>[0m
     [31m    </table>[0m
     [31m  </div>[0m
     [31m[0m
     [31m    </div>[0m
     [31m  </div>[0m
     [36m# ./app/views/users/index.html.erb:53: unterminated string meets end of file[0m
     [36m#           end[0m
     [36m#              ^[0m
     [36m# ./app/views/users/index.html.erb:53: syntax error, unexpected end-of-input, expecting ')'[0m
     [36m#           end[0m
     [36m#              ^[0m
     [36m# ./app/views/users/index.html.erb:53: unterminated string meets end of file[0m
     [36m#           end[0m
     [36m#              ^[0m
     [36m# ./app/views/users/index.html.erb:53: syntax error, unexpected end-of-input, expecting ')'[0m
     [36m#           end[0m
     [36m#              ^[0m
     [36m# ./spec/system/02_after_login_spec.rb:29:in `block (4 levels) in <main>'[0m
     [36m# ------------------[0m
     [36m# --- Caused by: ---[0m
     [36m# SyntaxError:[0m
     [36m#   /home/ec2-user/environment/bookers_2/app/views/users/index.html.erb:53: unterminated string meets end of file[0m
     [36m#             end[0m
     [36m#                ^[0m
     [36m#   /home/ec2-user/environment/bookers_2/app/views/users/index.html.erb:53: syntax error, unexpected end-of-input, expecting ')'[0m
     [36m#             end[0m
     [36m#                ^[0m
     [36m#   ./app/views/users/index.html.erb:53: unterminated string meets end of file[0m

  2) [STEP2] ユーザログイン後のテスト ユーザ一覧画面のテスト 表示内容の確認 URLが正しい
     [31mFailure/Error: Unable to find matching line in /home/ec2-user/environment/bookers_2/app/views/users/index.html.erb[0m
     [31m[0m
     [31mActionView::SyntaxErrorInTemplate:[0m
     [31m  Encountered a syntax error while rendering template: check <div class="container">[0m
     [31m    <div class="row">[0m
     [31m      <div class="col-md-3">[0m
     [31m  <table>[0m
     [31m      <tbody>[0m
     [31m      <tr>[0m
     [31m        <td><i class="fa-solid fa-user-cog"></i> User info</td>[0m
     [31m      </tr>[0m
     [31m    [0m
     [31m      <%= render 'users/profile', user: @user %>[0m
     [31m      <tr>[0m
     [31m        <td><i class="fa-solid fa-book"></i> New book</td>[0m
     [31m      </tr>[0m
     [31m      <%= render 'books/list', book: @book %>[0m
     [31m      </tbody>[0m
     [31m      </table>[0m
     [31m    </div>[0m
     [31m    <div class="col-md-8 offset-md-1">[0m
     [31m    <table class="table">[0m
     [31m      <thead>[0m
     [31m        <tr>[0m
     [31m          <th>画像</th>[0m
     [31m          <th>名前</th>[0m
     [31m          <th>詳細</th>[0m
     [31m          <th>アクション</th>[0m
     [31m        </tr>[0m
     [31m      </thead>[0m
     [31m      <tbody>[0m
     [31m        <% @users.each do |user| %>[0m
     [31m          <tr>[0m
     [31m            <td><%= image_tag user.get_profile_image(200, 200) %></td>[0m
     [31m            [0m
     [31m            <td><%= user.name %></td>[0m
     [31m            [0m
     [31m            <td><%= link_to 'Show', user_path(user.id) %></td>[0m
     [31m            [0m
     [31m            <td>[0m
     [31m              <% if user == current_user %>[0m
     [31m                <%= link_to 'Edit profile', edit_user_path(user.id) %>[0m
     [31m              <% else %>[0m
     [31m                <%= link_to "Edit profile, user_path(user.id) %>[0m
     [31m              <% end %>[0m
     [31m            </td>[0m
     [31m          </tr>[0m
     [31m        <% end %>[0m
     [31m      </tbody>[0m
     [31m    </table>[0m
     [31m  </div>[0m
     [31m[0m
     [31m    </div>[0m
     [31m  </div>[0m
     [36m# ./app/views/users/index.html.erb:53: unterminated string meets end of file[0m
     [36m#           end[0m
     [36m#              ^[0m
     [36m# ./app/views/users/index.html.erb:53: syntax error, unexpected end-of-input, expecting ')'[0m
     [36m#           end[0m
     [36m#              ^[0m
     [36m# ./app/views/users/index.html.erb:53: unterminated string meets end of file[0m
     [36m#           end[0m
     [36m#              ^[0m
     [36m# ./app/views/users/index.html.erb:53: syntax error, unexpected end-of-input, expecting ')'[0m
     [36m#           end[0m
     [36m#              ^[0m
     [36m# ./spec/system/02_after_login_spec.rb:265:in `block (3 levels) in <main>'[0m
     [36m# ------------------[0m
     [36m# --- Caused by: ---[0m
     [36m# SyntaxError:[0m
     [36m#   /home/ec2-user/environment/bookers_2/app/views/users/index.html.erb:53: unterminated string meets end of file[0m
     [36m#             end[0m
     [36m#                ^[0m
     [36m#   /home/ec2-user/environment/bookers_2/app/views/users/index.html.erb:53: syntax error, unexpected end-of-input, expecting ')'[0m
     [36m#             end[0m
     [36m#                ^[0m
     [36m#   ./app/views/users/index.html.erb:53: unterminated string meets end of file[0m

  3) [STEP2] ユーザログイン後のテスト ユーザ一覧画面のテスト 表示内容の確認 自分と他人の画像が表示される: fallbackの画像がサイドバーの1つ＋一覧(2人)の2つの計3つ存在する
     [31mFailure/Error: Unable to find matching line in /home/ec2-user/environment/bookers_2/app/views/users/index.html.erb[0m
     [31m[0m
     [31mActionView::SyntaxErrorInTemplate:[0m
     [31m  Encountered a syntax error while rendering template: check <div class="container">[0m
     [31m    <div class="row">[0m
     [31m      <div class="col-md-3">[0m
     [31m  <table>[0m
     [31m      <tbody>[0m
     [31m      <tr>[0m
     [31m        <td><i class="fa-solid fa-user-cog"></i> User info</td>[0m
     [31m      </tr>[0m
     [31m    [0m
     [31m      <%= render 'users/profile', user: @user %>[0m
     [31m      <tr>[0m
     [31m        <td><i class="fa-solid fa-book"></i> New book</td>[0m
     [31m      </tr>[0m
     [31m      <%= render 'books/list', book: @book %>[0m
     [31m      </tbody>[0m
     [31m      </table>[0m
     [31m    </div>[0m
     [31m    <div class="col-md-8 offset-md-1">[0m
     [31m    <table class="table">[0m
     [31m      <thead>[0m
     [31m        <tr>[0m
     [31m          <th>画像</th>[0m
     [31m          <th>名前</th>[0m
     [31m          <th>詳細</th>[0m
     [31m          <th>アクション</th>[0m
     [31m        </tr>[0m
     [31m      </thead>[0m
     [31m      <tbody>[0m
     [31m        <% @users.each do |user| %>[0m
     [31m          <tr>[0m
     [31m            <td><%= image_tag user.get_profile_image(200, 200) %></td>[0m
     [31m            [0m
     [31m            <td><%= user.name %></td>[0m
     [31m            [0m
     [31m            <td><%= link_to 'Show', user_path(user.id) %></td>[0m
     [31m            [0m
     [31m            <td>[0m
     [31m              <% if user == current_user %>[0m
     [31m                <%= link_to 'Edit profile', edit_user_path(user.id) %>[0m
     [31m              <% else %>[0m
     [31m                <%= link_to "Edit profile, user_path(user.id) %>[0m
     [31m              <% end %>[0m
     [31m            </td>[0m
     [31m          </tr>[0m
     [31m        <% end %>[0m
     [31m      </tbody>[0m
     [31m    </table>[0m
     [31m  </div>[0m
     [31m[0m
     [31m    </div>[0m
     [31m  </div>[0m
     [36m# ./app/views/users/index.html.erb:53: unterminated string meets end of file[0m
     [36m#           end[0m
     [36m#              ^[0m
     [36m# ./app/views/users/index.html.erb:53: syntax error, unexpected end-of-input, expecting ')'[0m
     [36m#           end[0m
     [36m#              ^[0m
     [36m# ./app/views/users/index.html.erb:53: unterminated string meets end of file[0m
     [36m#           end[0m
     [36m#              ^[0m
     [36m# ./app/views/users/index.html.erb:53: syntax error, unexpected end-of-input, expecting ')'[0m
     [36m#           end[0m
     [36m#              ^[0m
     [36m# ./spec/system/02_after_login_spec.rb:265:in `block (3 levels) in <main>'[0m
     [36m# ------------------[0m
     [36m# --- Caused by: ---[0m
     [36m# SyntaxError:[0m
     [36m#   /home/ec2-user/environment/bookers_2/app/views/users/index.html.erb:53: unterminated string meets end of file[0m
     [36m#             end[0m
     [36m#                ^[0m
     [36m#   /home/ec2-user/environment/bookers_2/app/views/users/index.html.erb:53: syntax error, unexpected end-of-input, expecting ')'[0m
     [36m#             end[0m
     [36m#                ^[0m
     [36m#   ./app/views/users/index.html.erb:53: unterminated string meets end of file[0m

  4) [STEP2] ユーザログイン後のテスト ユーザ一覧画面のテスト 表示内容の確認 自分と他人の名前がそれぞれ表示される
     [31mFailure/Error: Unable to find matching line in /home/ec2-user/environment/bookers_2/app/views/users/index.html.erb[0m
     [31m[0m
     [31mActionView::SyntaxErrorInTemplate:[0m
     [31m  Encountered a syntax error while rendering template: check <div class="container">[0m
     [31m    <div class="row">[0m
     [31m      <div class="col-md-3">[0m
     [31m  <table>[0m
     [31m      <tbody>[0m
     [31m      <tr>[0m
     [31m        <td><i class="fa-solid fa-user-cog"></i> User info</td>[0m
     [31m      </tr>[0m
     [31m    [0m
     [31m      <%= render 'users/profile', user: @user %>[0m
     [31m      <tr>[0m
     [31m        <td><i class="fa-solid fa-book"></i> New book</td>[0m
     [31m      </tr>[0m
     [31m      <%= render 'books/list', book: @book %>[0m
     [31m      </tbody>[0m
     [31m      </table>[0m
     [31m    </div>[0m
     [31m    <div class="col-md-8 offset-md-1">[0m
     [31m    <table class="table">[0m
     [31m      <thead>[0m
     [31m        <tr>[0m
     [31m          <th>画像</th>[0m
     [31m          <th>名前</th>[0m
     [31m          <th>詳細</th>[0m
     [31m          <th>アクション</th>[0m
     [31m        </tr>[0m
     [31m      </thead>[0m
     [31m      <tbody>[0m
     [31m        <% @users.each do |user| %>[0m
     [31m          <tr>[0m
     [31m            <td><%= image_tag user.get_profile_image(200, 200) %></td>[0m
     [31m            [0m
     [31m            <td><%= user.name %></td>[0m
     [31m            [0m
     [31m            <td><%= link_to 'Show', user_path(user.id) %></td>[0m
     [31m            [0m
     [31m            <td>[0m
     [31m              <% if user == current_user %>[0m
     [31m                <%= link_to 'Edit profile', edit_user_path(user.id) %>[0m
     [31m              <% else %>[0m
     [31m                <%= link_to "Edit profile, user_path(user.id) %>[0m
     [31m              <% end %>[0m
     [31m            </td>[0m
     [31m          </tr>[0m
     [31m        <% end %>[0m
     [31m      </tbody>[0m
     [31m    </table>[0m
     [31m  </div>[0m
     [31m[0m
     [31m    </div>[0m
     [31m  </div>[0m
     [36m# ./app/views/users/index.html.erb:53: unterminated string meets end of file[0m
     [36m#           end[0m
     [36m#              ^[0m
     [36m# ./app/views/users/index.html.erb:53: syntax error, unexpected end-of-input, expecting ')'[0m
     [36m#           end[0m
     [36m#              ^[0m
     [36m# ./app/views/users/index.html.erb:53: unterminated string meets end of file[0m
     [36m#           end[0m
     [36m#              ^[0m
     [36m# ./app/views/users/index.html.erb:53: syntax error, unexpected end-of-input, expecting ')'[0m
     [36m#           end[0m
     [36m#              ^[0m
     [36m# ./spec/system/02_after_login_spec.rb:265:in `block (3 levels) in <main>'[0m
     [36m# ------------------[0m
     [36m# --- Caused by: ---[0m
     [36m# SyntaxError:[0m
     [36m#   /home/ec2-user/environment/bookers_2/app/views/users/index.html.erb:53: unterminated string meets end of file[0m
     [36m#             end[0m
     [36m#                ^[0m
     [36m#   /home/ec2-user/environment/bookers_2/app/views/users/index.html.erb:53: syntax error, unexpected end-of-input, expecting ')'[0m
     [36m#             end[0m
     [36m#                ^[0m
     [36m#   ./app/views/users/index.html.erb:53: unterminated string meets end of file[0m

  5) [STEP2] ユーザログイン後のテスト ユーザ一覧画面のテスト 表示内容の確認 自分と他人のshowリンクがそれぞれ表示される
     [31mFailure/Error: Unable to find matching line in /home/ec2-user/environment/bookers_2/app/views/users/index.html.erb[0m
     [31m[0m
     [31mActionView::SyntaxErrorInTemplate:[0m
     [31m  Encountered a syntax error while rendering template: check <div class="container">[0m
     [31m    <div class="row">[0m
     [31m      <div class="col-md-3">[0m
     [31m  <table>[0m
     [31m      <tbody>[0m
     [31m      <tr>[0m
     [31m        <td><i class="fa-solid fa-user-cog"></i> User info</td>[0m
     [31m      </tr>[0m
     [31m    [0m
     [31m      <%= render 'users/profile', user: @user %>[0m
     [31m      <tr>[0m
     [31m        <td><i class="fa-solid fa-book"></i> New book</td>[0m
     [31m      </tr>[0m
     [31m      <%= render 'books/list', book: @book %>[0m
     [31m      </tbody>[0m
     [31m      </table>[0m
     [31m    </div>[0m
     [31m    <div class="col-md-8 offset-md-1">[0m
     [31m    <table class="table">[0m
     [31m      <thead>[0m
     [31m        <tr>[0m
     [31m          <th>画像</th>[0m
     [31m          <th>名前</th>[0m
     [31m          <th>詳細</th>[0m
     [31m          <th>アクション</th>[0m
     [31m        </tr>[0m
     [31m      </thead>[0m
     [31m      <tbody>[0m
     [31m        <% @users.each do |user| %>[0m
     [31m          <tr>[0m
     [31m            <td><%= image_tag user.get_profile_image(200, 200) %></td>[0m
     [31m            [0m
     [31m            <td><%= user.name %></td>[0m
     [31m            [0m
     [31m            <td><%= link_to 'Show', user_path(user.id) %></td>[0m
     [31m            [0m
     [31m            <td>[0m
     [31m              <% if user == current_user %>[0m
     [31m                <%= link_to 'Edit profile', edit_user_path(user.id) %>[0m
     [31m              <% else %>[0m
     [31m                <%= link_to "Edit profile, user_path(user.id) %>[0m
     [31m              <% end %>[0m
     [31m            </td>[0m
     [31m          </tr>[0m
     [31m        <% end %>[0m
     [31m      </tbody>[0m
     [31m    </table>[0m
     [31m  </div>[0m
     [31m[0m
     [31m    </div>[0m
     [31m  </div>[0m
     [36m# ./app/views/users/index.html.erb:53: unterminated string meets end of file[0m
     [36m#           end[0m
     [36m#              ^[0m
     [36m# ./app/views/users/index.html.erb:53: syntax error, unexpected end-of-input, expecting ')'[0m
     [36m#           end[0m
     [36m#              ^[0m
     [36m# ./app/views/users/index.html.erb:53: unterminated string meets end of file[0m
     [36m#           end[0m
     [36m#              ^[0m
     [36m# ./app/views/users/index.html.erb:53: syntax error, unexpected end-of-input, expecting ')'[0m
     [36m#           end[0m
     [36m#              ^[0m
     [36m# ./spec/system/02_after_login_spec.rb:265:in `block (3 levels) in <main>'[0m
     [36m# ------------------[0m
     [36m# --- Caused by: ---[0m
     [36m# SyntaxError:[0m
     [36m#   /home/ec2-user/environment/bookers_2/app/views/users/index.html.erb:53: unterminated string meets end of file[0m
     [36m#             end[0m
     [36m#                ^[0m
     [36m#   /home/ec2-user/environment/bookers_2/app/views/users/index.html.erb:53: syntax error, unexpected end-of-input, expecting ')'[0m
     [36m#             end[0m
     [36m#                ^[0m
     [36m#   ./app/views/users/index.html.erb:53: unterminated string meets end of file[0m

  6) [STEP2] ユーザログイン後のテスト ユーザ一覧画面のテスト サイドバーの確認 自分の名前と紹介文が表示される
     [31mFailure/Error: Unable to find matching line in /home/ec2-user/environment/bookers_2/app/views/users/index.html.erb[0m
     [31m[0m
     [31mActionView::SyntaxErrorInTemplate:[0m
     [31m  Encountered a syntax error while rendering template: check <div class="container">[0m
     [31m    <div class="row">[0m
     [31m      <div class="col-md-3">[0m
     [31m  <table>[0m
     [31m      <tbody>[0m
     [31m      <tr>[0m
     [31m        <td><i class="fa-solid fa-user-cog"></i> User info</td>[0m
     [31m      </tr>[0m
     [31m    [0m
     [31m      <%= render 'users/profile', user: @user %>[0m
     [31m      <tr>[0m
     [31m        <td><i class="fa-solid fa-book"></i> New book</td>[0m
     [31m      </tr>[0m
     [31m      <%= render 'books/list', book: @book %>[0m
     [31m      </tbody>[0m
     [31m      </table>[0m
     [31m    </div>[0m
     [31m    <div class="col-md-8 offset-md-1">[0m
     [31m    <table class="table">[0m
     [31m      <thead>[0m
     [31m        <tr>[0m
     [31m          <th>画像</th>[0m
     [31m          <th>名前</th>[0m
     [31m          <th>詳細</th>[0m
     [31m          <th>アクション</th>[0m
     [31m        </tr>[0m
     [31m      </thead>[0m
     [31m      <tbody>[0m
     [31m        <% @users.each do |user| %>[0m
     [31m          <tr>[0m
     [31m            <td><%= image_tag user.get_profile_image(200, 200) %></td>[0m
     [31m            [0m
     [31m            <td><%= user.name %></td>[0m
     [31m            [0m
     [31m            <td><%= link_to 'Show', user_path(user.id) %></td>[0m
     [31m            [0m
     [31m            <td>[0m
     [31m              <% if user == current_user %>[0m
     [31m                <%= link_to 'Edit profile', edit_user_path(user.id) %>[0m
     [31m              <% else %>[0m
     [31m                <%= link_to "Edit profile, user_path(user.id) %>[0m
     [31m              <% end %>[0m
     [31m            </td>[0m
     [31m          </tr>[0m
     [31m        <% end %>[0m
     [31m      </tbody>[0m
     [31m    </table>[0m
     [31m  </div>[0m
     [31m[0m
     [31m    </div>[0m
     [31m  </div>[0m
     [36m# ./app/views/users/index.html.erb:53: unterminated string meets end of file[0m
     [36m#           end[0m
     [36m#              ^[0m
     [36m# ./app/views/users/index.html.erb:53: syntax error, unexpected end-of-input, expecting ')'[0m
     [36m#           end[0m
     [36m#              ^[0m
     [36m# ./app/views/users/index.html.erb:53: unterminated string meets end of file[0m
     [36m#           end[0m
     [36m#              ^[0m
     [36m# ./app/views/users/index.html.erb:53: syntax error, unexpected end-of-input, expecting ')'[0m
     [36m#           end[0m
     [36m#              ^[0m
     [36m# ./spec/system/02_after_login_spec.rb:265:in `block (3 levels) in <main>'[0m
     [36m# ------------------[0m
     [36m# --- Caused by: ---[0m
     [36m# SyntaxError:[0m
     [36m#   /home/ec2-user/environment/bookers_2/app/views/users/index.html.erb:53: unterminated string meets end of file[0m
     [36m#             end[0m
     [36m#                ^[0m
     [36m#   /home/ec2-user/environment/bookers_2/app/views/users/index.html.erb:53: syntax error, unexpected end-of-input, expecting ')'[0m
     [36m#             end[0m
     [36m#                ^[0m
     [36m#   ./app/views/users/index.html.erb:53: unterminated string meets end of file[0m

  7) [STEP2] ユーザログイン後のテスト ユーザ一覧画面のテスト サイドバーの確認 自分のユーザ編集画面へのリンクが存在する
     [31mFailure/Error: Unable to find matching line in /home/ec2-user/environment/bookers_2/app/views/users/index.html.erb[0m
     [31m[0m
     [31mActionView::SyntaxErrorInTemplate:[0m
     [31m  Encountered a syntax error while rendering template: check <div class="container">[0m
     [31m    <div class="row">[0m
     [31m      <div class="col-md-3">[0m
     [31m  <table>[0m
     [31m      <tbody>[0m
     [31m      <tr>[0m
     [31m        <td><i class="fa-solid fa-user-cog"></i> User info</td>[0m
     [31m      </tr>[0m
     [31m    [0m
     [31m      <%= render 'users/profile', user: @user %>[0m
     [31m      <tr>[0m
     [31m        <td><i class="fa-solid fa-book"></i> New book</td>[0m
     [31m      </tr>[0m
     [31m      <%= render 'books/list', book: @book %>[0m
     [31m      </tbody>[0m
     [31m      </table>[0m
     [31m    </div>[0m
     [31m    <div class="col-md-8 offset-md-1">[0m
     [31m    <table class="table">[0m
     [31m      <thead>[0m
     [31m        <tr>[0m
     [31m          <th>画像</th>[0m
     [31m          <th>名前</th>[0m
     [31m          <th>詳細</th>[0m
     [31m          <th>アクション</th>[0m
     [31m        </tr>[0m
     [31m      </thead>[0m
     [31m      <tbody>[0m
     [31m        <% @users.each do |user| %>[0m
     [31m          <tr>[0m
     [31m            <td><%= image_tag user.get_profile_image(200, 200) %></td>[0m
     [31m            [0m
     [31m            <td><%= user.name %></td>[0m
     [31m            [0m
     [31m            <td><%= link_to 'Show', user_path(user.id) %></td>[0m
     [31m            [0m
     [31m            <td>[0m
     [31m              <% if user == current_user %>[0m
     [31m                <%= link_to 'Edit profile', edit_user_path(user.id) %>[0m
     [31m              <% else %>[0m
     [31m                <%= link_to "Edit profile, user_path(user.id) %>[0m
     [31m              <% end %>[0m
     [31m            </td>[0m
     [31m          </tr>[0m
     [31m        <% end %>[0m
     [31m      </tbody>[0m
     [31m    </table>[0m
     [31m  </div>[0m
     [31m[0m
     [31m    </div>[0m
     [31m  </div>[0m
     [36m# ./app/views/users/index.html.erb:53: unterminated string meets end of file[0m
     [36m#           end[0m
     [36m#              ^[0m
     [36m# ./app/views/users/index.html.erb:53: syntax error, unexpected end-of-input, expecting ')'[0m
     [36m#           end[0m
     [36m#              ^[0m
     [36m# ./app/views/users/index.html.erb:53: unterminated string meets end of file[0m
     [36m#           end[0m
     [36m#              ^[0m
     [36m# ./app/views/users/index.html.erb:53: syntax error, unexpected end-of-input, expecting ')'[0m
     [36m#           end[0m
     [36m#              ^[0m
     [36m# ./spec/system/02_after_login_spec.rb:265:in `block (3 levels) in <main>'[0m
     [36m# ------------------[0m
     [36m# --- Caused by: ---[0m
     [36m# SyntaxError:[0m
     [36m#   /home/ec2-user/environment/bookers_2/app/views/users/index.html.erb:53: unterminated string meets end of file[0m
     [36m#             end[0m
     [36m#                ^[0m
     [36m#   /home/ec2-user/environment/bookers_2/app/views/users/index.html.erb:53: syntax error, unexpected end-of-input, expecting ')'[0m
     [36m#             end[0m
     [36m#                ^[0m
     [36m#   ./app/views/users/index.html.erb:53: unterminated string meets end of file[0m

  8) [STEP2] ユーザログイン後のテスト ユーザ一覧画面のテスト サイドバーの確認 「New book」と表示される
     [31mFailure/Error: Unable to find matching line in /home/ec2-user/environment/bookers_2/app/views/users/index.html.erb[0m
     [31m[0m
     [31mActionView::SyntaxErrorInTemplate:[0m
     [31m  Encountered a syntax error while rendering template: check <div class="container">[0m
     [31m    <div class="row">[0m
     [31m      <div class="col-md-3">[0m
     [31m  <table>[0m
     [31m      <tbody>[0m
     [31m      <tr>[0m
     [31m        <td><i class="fa-solid fa-user-cog"></i> User info</td>[0m
     [31m      </tr>[0m
     [31m    [0m
     [31m      <%= render 'users/profile', user: @user %>[0m
     [31m      <tr>[0m
     [31m        <td><i class="fa-solid fa-book"></i> New book</td>[0m
     [31m      </tr>[0m
     [31m      <%= render 'books/list', book: @book %>[0m
     [31m      </tbody>[0m
     [31m      </table>[0m
     [31m    </div>[0m
     [31m    <div class="col-md-8 offset-md-1">[0m
     [31m    <table class="table">[0m
     [31m      <thead>[0m
     [31m        <tr>[0m
     [31m          <th>画像</th>[0m
     [31m          <th>名前</th>[0m
     [31m          <th>詳細</th>[0m
     [31m          <th>アクション</th>[0m
     [31m        </tr>[0m
     [31m      </thead>[0m
     [31m      <tbody>[0m
     [31m        <% @users.each do |user| %>[0m
     [31m          <tr>[0m
     [31m            <td><%= image_tag user.get_profile_image(200, 200) %></td>[0m
     [31m            [0m
     [31m            <td><%= user.name %></td>[0m
     [31m            [0m
     [31m            <td><%= link_to 'Show', user_path(user.id) %></td>[0m
     [31m            [0m
     [31m            <td>[0m
     [31m              <% if user == current_user %>[0m
     [31m                <%= link_to 'Edit profile', edit_user_path(user.id) %>[0m
     [31m              <% else %>[0m
     [31m                <%= link_to "Edit profile, user_path(user.id) %>[0m
     [31m              <% end %>[0m
     [31m            </td>[0m
     [31m          </tr>[0m
     [31m        <% end %>[0m
     [31m      </tbody>[0m
     [31m    </table>[0m
     [31m  </div>[0m
     [31m[0m
     [31m    </div>[0m
     [31m  </div>[0m
     [36m# ./app/views/users/index.html.erb:53: unterminated string meets end of file[0m
     [36m#           end[0m
     [36m#              ^[0m
     [36m# ./app/views/users/index.html.erb:53: syntax error, unexpected end-of-input, expecting ')'[0m
     [36m#           end[0m
     [36m#              ^[0m
     [36m# ./app/views/users/index.html.erb:53: unterminated string meets end of file[0m
     [36m#           end[0m
     [36m#              ^[0m
     [36m# ./app/views/users/index.html.erb:53: syntax error, unexpected end-of-input, expecting ')'[0m
     [36m#           end[0m
     [36m#              ^[0m
     [36m# ./spec/system/02_after_login_spec.rb:265:in `block (3 levels) in <main>'[0m
     [36m# ------------------[0m
     [36m# --- Caused by: ---[0m
     [36m# SyntaxError:[0m
     [36m#   /home/ec2-user/environment/bookers_2/app/views/users/index.html.erb:53: unterminated string meets end of file[0m
     [36m#             end[0m
     [36m#                ^[0m
     [36m#   /home/ec2-user/environment/bookers_2/app/views/users/index.html.erb:53: syntax error, unexpected end-of-input, expecting ')'[0m
     [36m#             end[0m
     [36m#                ^[0m
     [36m#   ./app/views/users/index.html.erb:53: unterminated string meets end of file[0m

  9) [STEP2] ユーザログイン後のテスト ユーザ一覧画面のテスト サイドバーの確認 titleフォームが表示される
     [31mFailure/Error: Unable to find matching line in /home/ec2-user/environment/bookers_2/app/views/users/index.html.erb[0m
     [31m[0m
     [31mActionView::SyntaxErrorInTemplate:[0m
     [31m  Encountered a syntax error while rendering template: check <div class="container">[0m
     [31m    <div class="row">[0m
     [31m      <div class="col-md-3">[0m
     [31m  <table>[0m
     [31m      <tbody>[0m
     [31m      <tr>[0m
     [31m        <td><i class="fa-solid fa-user-cog"></i> User info</td>[0m
     [31m      </tr>[0m
     [31m    [0m
     [31m      <%= render 'users/profile', user: @user %>[0m
     [31m      <tr>[0m
     [31m        <td><i class="fa-solid fa-book"></i> New book</td>[0m
     [31m      </tr>[0m
     [31m      <%= render 'books/list', book: @book %>[0m
     [31m      </tbody>[0m
     [31m      </table>[0m
     [31m    </div>[0m
     [31m    <div class="col-md-8 offset-md-1">[0m
     [31m    <table class="table">[0m
     [31m      <thead>[0m
     [31m        <tr>[0m
     [31m          <th>画像</th>[0m
     [31m          <th>名前</th>[0m
     [31m          <th>詳細</th>[0m
     [31m          <th>アクション</th>[0m
     [31m        </tr>[0m
     [31m      </thead>[0m
     [31m      <tbody>[0m
     [31m        <% @users.each do |user| %>[0m
     [31m          <tr>[0m
     [31m            <td><%= image_tag user.get_profile_image(200, 200) %></td>[0m
     [31m            [0m
     [31m            <td><%= user.name %></td>[0m
     [31m            [0m
     [31m            <td><%= link_to 'Show', user_path(user.id) %></td>[0m
     [31m            [0m
     [31m            <td>[0m
     [31m              <% if user == current_user %>[0m
     [31m                <%= link_to 'Edit profile', edit_user_path(user.id) %>[0m
     [31m              <% else %>[0m
     [31m                <%= link_to "Edit profile, user_path(user.id) %>[0m
     [31m              <% end %>[0m
     [31m            </td>[0m
     [31m          </tr>[0m
     [31m        <% end %>[0m
     [31m      </tbody>[0m
     [31m    </table>[0m
     [31m  </div>[0m
     [31m[0m
     [31m    </div>[0m
     [31m  </div>[0m
     [36m# ./app/views/users/index.html.erb:53: unterminated string meets end of file[0m
     [36m#           end[0m
     [36m#              ^[0m
     [36m# ./app/views/users/index.html.erb:53: syntax error, unexpected end-of-input, expecting ')'[0m
     [36m#           end[0m
     [36m#              ^[0m
     [36m# ./app/views/users/index.html.erb:53: unterminated string meets end of file[0m
     [36m#           end[0m
     [36m#              ^[0m
     [36m# ./app/views/users/index.html.erb:53: syntax error, unexpected end-of-input, expecting ')'[0m
     [36m#           end[0m
     [36m#              ^[0m
     [36m# ./spec/system/02_after_login_spec.rb:265:in `block (3 levels) in <main>'[0m
     [36m# ------------------[0m
     [36m# --- Caused by: ---[0m
     [36m# SyntaxError:[0m
     [36m#   /home/ec2-user/environment/bookers_2/app/views/users/index.html.erb:53: unterminated string meets end of file[0m
     [36m#             end[0m
     [36m#                ^[0m
     [36m#   /home/ec2-user/environment/bookers_2/app/views/users/index.html.erb:53: syntax error, unexpected end-of-input, expecting ')'[0m
     [36m#             end[0m
     [36m#                ^[0m
     [36m#   ./app/views/users/index.html.erb:53: unterminated string meets end of file[0m

  10) [STEP2] ユーザログイン後のテスト ユーザ一覧画面のテスト サイドバーの確認 titleフォームに値が入っていない
      [31mFailure/Error: Unable to find matching line in /home/ec2-user/environment/bookers_2/app/views/users/index.html.erb[0m
      [31m[0m
      [31mActionView::SyntaxErrorInTemplate:[0m
      [31m  Encountered a syntax error while rendering template: check <div class="container">[0m
      [31m    <div class="row">[0m
      [31m      <div class="col-md-3">[0m
      [31m  <table>[0m
      [31m      <tbody>[0m
      [31m      <tr>[0m
      [31m        <td><i class="fa-solid fa-user-cog"></i> User info</td>[0m
      [31m      </tr>[0m
      [31m    [0m
      [31m      <%= render 'users/profile', user: @user %>[0m
      [31m      <tr>[0m
      [31m        <td><i class="fa-solid fa-book"></i> New book</td>[0m
      [31m      </tr>[0m
      [31m      <%= render 'books/list', book: @book %>[0m
      [31m      </tbody>[0m
      [31m      </table>[0m
      [31m    </div>[0m
      [31m    <div class="col-md-8 offset-md-1">[0m
      [31m    <table class="table">[0m
      [31m      <thead>[0m
      [31m        <tr>[0m
      [31m          <th>画像</th>[0m
      [31m          <th>名前</th>[0m
      [31m          <th>詳細</th>[0m
      [31m          <th>アクション</th>[0m
      [31m        </tr>[0m
      [31m      </thead>[0m
      [31m      <tbody>[0m
      [31m        <% @users.each do |user| %>[0m
      [31m          <tr>[0m
      [31m            <td><%= image_tag user.get_profile_image(200, 200) %></td>[0m
      [31m            [0m
      [31m            <td><%= user.name %></td>[0m
      [31m            [0m
      [31m            <td><%= link_to 'Show', user_path(user.id) %></td>[0m
      [31m            [0m
      [31m            <td>[0m
      [31m              <% if user == current_user %>[0m
      [31m                <%= link_to 'Edit profile', edit_user_path(user.id) %>[0m
      [31m              <% else %>[0m
      [31m                <%= link_to "Edit profile, user_path(user.id) %>[0m
      [31m              <% end %>[0m
      [31m            </td>[0m
      [31m          </tr>[0m
      [31m        <% end %>[0m
      [31m      </tbody>[0m
      [31m    </table>[0m
      [31m  </div>[0m
      [31m[0m
      [31m    </div>[0m
      [31m  </div>[0m
      [36m# ./app/views/users/index.html.erb:53: unterminated string meets end of file[0m
      [36m#           end[0m
      [36m#              ^[0m
      [36m# ./app/views/users/index.html.erb:53: syntax error, unexpected end-of-input, expecting ')'[0m
      [36m#           end[0m
      [36m#              ^[0m
      [36m# ./app/views/users/index.html.erb:53: unterminated string meets end of file[0m
      [36m#           end[0m
      [36m#              ^[0m
      [36m# ./app/views/users/index.html.erb:53: syntax error, unexpected end-of-input, expecting ')'[0m
      [36m#           end[0m
      [36m#              ^[0m
      [36m# ./spec/system/02_after_login_spec.rb:265:in `block (3 levels) in <main>'[0m
      [36m# ------------------[0m
      [36m# --- Caused by: ---[0m
      [36m# SyntaxError:[0m
      [36m#   /home/ec2-user/environment/bookers_2/app/views/users/index.html.erb:53: unterminated string meets end of file[0m
      [36m#             end[0m
      [36m#                ^[0m
      [36m#   /home/ec2-user/environment/bookers_2/app/views/users/index.html.erb:53: syntax error, unexpected end-of-input, expecting ')'[0m
      [36m#             end[0m
      [36m#                ^[0m
      [36m#   ./app/views/users/index.html.erb:53: unterminated string meets end of file[0m

  11) [STEP2] ユーザログイン後のテスト ユーザ一覧画面のテスト サイドバーの確認 bodyフォームが表示される
      [31mFailure/Error: Unable to find matching line in /home/ec2-user/environment/bookers_2/app/views/users/index.html.erb[0m
      [31m[0m
      [31mActionView::SyntaxErrorInTemplate:[0m
      [31m  Encountered a syntax error while rendering template: check <div class="container">[0m
      [31m    <div class="row">[0m
      [31m      <div class="col-md-3">[0m
      [31m  <table>[0m
      [31m      <tbody>[0m
      [31m      <tr>[0m
      [31m        <td><i class="fa-solid fa-user-cog"></i> User info</td>[0m
      [31m      </tr>[0m
      [31m    [0m
      [31m      <%= render 'users/profile', user: @user %>[0m
      [31m      <tr>[0m
      [31m        <td><i class="fa-solid fa-book"></i> New book</td>[0m
      [31m      </tr>[0m
      [31m      <%= render 'books/list', book: @book %>[0m
      [31m      </tbody>[0m
      [31m      </table>[0m
      [31m    </div>[0m
      [31m    <div class="col-md-8 offset-md-1">[0m
      [31m    <table class="table">[0m
      [31m      <thead>[0m
      [31m        <tr>[0m
      [31m          <th>画像</th>[0m
      [31m          <th>名前</th>[0m
      [31m          <th>詳細</th>[0m
      [31m          <th>アクション</th>[0m
      [31m        </tr>[0m
      [31m      </thead>[0m
      [31m      <tbody>[0m
      [31m        <% @users.each do |user| %>[0m
      [31m          <tr>[0m
      [31m            <td><%= image_tag user.get_profile_image(200, 200) %></td>[0m
      [31m            [0m
      [31m            <td><%= user.name %></td>[0m
      [31m            [0m
      [31m            <td><%= link_to 'Show', user_path(user.id) %></td>[0m
      [31m            [0m
      [31m            <td>[0m
      [31m              <% if user == current_user %>[0m
      [31m                <%= link_to 'Edit profile', edit_user_path(user.id) %>[0m
      [31m              <% else %>[0m
      [31m                <%= link_to "Edit profile, user_path(user.id) %>[0m
      [31m              <% end %>[0m
      [31m            </td>[0m
      [31m          </tr>[0m
      [31m        <% end %>[0m
      [31m      </tbody>[0m
      [31m    </table>[0m
      [31m  </div>[0m
      [31m[0m
      [31m    </div>[0m
      [31m  </div>[0m
      [36m# ./app/views/users/index.html.erb:53: unterminated string meets end of file[0m
      [36m#           end[0m
      [36m#              ^[0m
      [36m# ./app/views/users/index.html.erb:53: syntax error, unexpected end-of-input, expecting ')'[0m
      [36m#           end[0m
      [36m#              ^[0m
      [36m# ./app/views/users/index.html.erb:53: unterminated string meets end of file[0m
      [36m#           end[0m
      [36m#              ^[0m
      [36m# ./app/views/users/index.html.erb:53: syntax error, unexpected end-of-input, expecting ')'[0m
      [36m#           end[0m
      [36m#              ^[0m
      [36m# ./spec/system/02_after_login_spec.rb:265:in `block (3 levels) in <main>'[0m
      [36m# ------------------[0m
      [36m# --- Caused by: ---[0m
      [36m# SyntaxError:[0m
      [36m#   /home/ec2-user/environment/bookers_2/app/views/users/index.html.erb:53: unterminated string meets end of file[0m
      [36m#             end[0m
      [36m#                ^[0m
      [36m#   /home/ec2-user/environment/bookers_2/app/views/users/index.html.erb:53: syntax error, unexpected end-of-input, expecting ')'[0m
      [36m#             end[0m
      [36m#                ^[0m
      [36m#   ./app/views/users/index.html.erb:53: unterminated string meets end of file[0m

  12) [STEP2] ユーザログイン後のテスト ユーザ一覧画面のテスト サイドバーの確認 bodyフォームに値が入っていない
      [31mFailure/Error: Unable to find matching line in /home/ec2-user/environment/bookers_2/app/views/users/index.html.erb[0m
      [31m[0m
      [31mActionView::SyntaxErrorInTemplate:[0m
      [31m  Encountered a syntax error while rendering template: check <div class="container">[0m
      [31m    <div class="row">[0m
      [31m      <div class="col-md-3">[0m
      [31m  <table>[0m
      [31m      <tbody>[0m
      [31m      <tr>[0m
      [31m        <td><i class="fa-solid fa-user-cog"></i> User info</td>[0m
      [31m      </tr>[0m
      [31m    [0m
      [31m      <%= render 'users/profile', user: @user %>[0m
      [31m      <tr>[0m
      [31m        <td><i class="fa-solid fa-book"></i> New book</td>[0m
      [31m      </tr>[0m
      [31m      <%= render 'books/list', book: @book %>[0m
      [31m      </tbody>[0m
      [31m      </table>[0m
      [31m    </div>[0m
      [31m    <div class="col-md-8 offset-md-1">[0m
      [31m    <table class="table">[0m
      [31m      <thead>[0m
      [31m        <tr>[0m
      [31m          <th>画像</th>[0m
      [31m          <th>名前</th>[0m
      [31m          <th>詳細</th>[0m
      [31m          <th>アクション</th>[0m
      [31m        </tr>[0m
      [31m      </thead>[0m
      [31m      <tbody>[0m
      [31m        <% @users.each do |user| %>[0m
      [31m          <tr>[0m
      [31m            <td><%= image_tag user.get_profile_image(200, 200) %></td>[0m
      [31m            [0m
      [31m            <td><%= user.name %></td>[0m
      [31m            [0m
      [31m            <td><%= link_to 'Show', user_path(user.id) %></td>[0m
      [31m            [0m
      [31m            <td>[0m
      [31m              <% if user == current_user %>[0m
      [31m                <%= link_to 'Edit profile', edit_user_path(user.id) %>[0m
      [31m              <% else %>[0m
      [31m                <%= link_to "Edit profile, user_path(user.id) %>[0m
      [31m              <% end %>[0m
      [31m            </td>[0m
      [31m          </tr>[0m
      [31m        <% end %>[0m
      [31m      </tbody>[0m
      [31m    </table>[0m
      [31m  </div>[0m
      [31m[0m
      [31m    </div>[0m
      [31m  </div>[0m
      [36m# ./app/views/users/index.html.erb:53: unterminated string meets end of file[0m
      [36m#           end[0m
      [36m#              ^[0m
      [36m# ./app/views/users/index.html.erb:53: syntax error, unexpected end-of-input, expecting ')'[0m
      [36m#           end[0m
      [36m#              ^[0m
      [36m# ./app/views/users/index.html.erb:53: unterminated string meets end of file[0m
      [36m#           end[0m
      [36m#              ^[0m
      [36m# ./app/views/users/index.html.erb:53: syntax error, unexpected end-of-input, expecting ')'[0m
      [36m#           end[0m
      [36m#              ^[0m
      [36m# ./spec/system/02_after_login_spec.rb:265:in `block (3 levels) in <main>'[0m
      [36m# ------------------[0m
      [36m# --- Caused by: ---[0m
      [36m# SyntaxError:[0m
      [36m#   /home/ec2-user/environment/bookers_2/app/views/users/index.html.erb:53: unterminated string meets end of file[0m
      [36m#             end[0m
      [36m#                ^[0m
      [36m#   /home/ec2-user/environment/bookers_2/app/views/users/index.html.erb:53: syntax error, unexpected end-of-input, expecting ')'[0m
      [36m#             end[0m
      [36m#                ^[0m
      [36m#   ./app/views/users/index.html.erb:53: unterminated string meets end of file[0m

  13) [STEP2] ユーザログイン後のテスト ユーザ一覧画面のテスト サイドバーの確認 Create Bookボタンが表示される
      [31mFailure/Error: Unable to find matching line in /home/ec2-user/environment/bookers_2/app/views/users/index.html.erb[0m
      [31m[0m
      [31mActionView::SyntaxErrorInTemplate:[0m
      [31m  Encountered a syntax error while rendering template: check <div class="container">[0m
      [31m    <div class="row">[0m
      [31m      <div class="col-md-3">[0m
      [31m  <table>[0m
      [31m      <tbody>[0m
      [31m      <tr>[0m
      [31m        <td><i class="fa-solid fa-user-cog"></i> User info</td>[0m
      [31m      </tr>[0m
      [31m    [0m
      [31m      <%= render 'users/profile', user: @user %>[0m
      [31m      <tr>[0m
      [31m        <td><i class="fa-solid fa-book"></i> New book</td>[0m
      [31m      </tr>[0m
      [31m      <%= render 'books/list', book: @book %>[0m
      [31m      </tbody>[0m
      [31m      </table>[0m
      [31m    </div>[0m
      [31m    <div class="col-md-8 offset-md-1">[0m
      [31m    <table class="table">[0m
      [31m      <thead>[0m
      [31m        <tr>[0m
      [31m          <th>画像</th>[0m
      [31m          <th>名前</th>[0m
      [31m          <th>詳細</th>[0m
      [31m          <th>アクション</th>[0m
      [31m        </tr>[0m
      [31m      </thead>[0m
      [31m      <tbody>[0m
      [31m        <% @users.each do |user| %>[0m
      [31m          <tr>[0m
      [31m            <td><%= image_tag user.get_profile_image(200, 200) %></td>[0m
      [31m            [0m
      [31m            <td><%= user.name %></td>[0m
      [31m            [0m
      [31m            <td><%= link_to 'Show', user_path(user.id) %></td>[0m
      [31m            [0m
      [31m            <td>[0m
      [31m              <% if user == current_user %>[0m
      [31m                <%= link_to 'Edit profile', edit_user_path(user.id) %>[0m
      [31m              <% else %>[0m
      [31m                <%= link_to "Edit profile, user_path(user.id) %>[0m
      [31m              <% end %>[0m
      [31m            </td>[0m
      [31m          </tr>[0m
      [31m        <% end %>[0m
      [31m      </tbody>[0m
      [31m    </table>[0m
      [31m  </div>[0m
      [31m[0m
      [31m    </div>[0m
      [31m  </div>[0m
      [36m# ./app/views/users/index.html.erb:53: unterminated string meets end of file[0m
      [36m#           end[0m
      [36m#              ^[0m
      [36m# ./app/views/users/index.html.erb:53: syntax error, unexpected end-of-input, expecting ')'[0m
      [36m#           end[0m
      [36m#              ^[0m
      [36m# ./app/views/users/index.html.erb:53: unterminated string meets end of file[0m
      [36m#           end[0m
      [36m#              ^[0m
      [36m# ./app/views/users/index.html.erb:53: syntax error, unexpected end-of-input, expecting ')'[0m
      [36m#           end[0m
      [36m#              ^[0m
      [36m# ./spec/system/02_after_login_spec.rb:265:in `block (3 levels) in <main>'[0m
      [36m# ------------------[0m
      [36m# --- Caused by: ---[0m
      [36m# SyntaxError:[0m
      [36m#   /home/ec2-user/environment/bookers_2/app/views/users/index.html.erb:53: unterminated string meets end of file[0m
      [36m#             end[0m
      [36m#                ^[0m
      [36m#   /home/ec2-user/environment/bookers_2/app/views/users/index.html.erb:53: syntax error, unexpected end-of-input, expecting ')'[0m
      [36m#             end[0m
      [36m#                ^[0m
      [36m#   ./app/views/users/index.html.erb:53: unterminated string meets end of file[0m

  14) [STEP2] ユーザログイン後のテスト 自分のユーザ詳細画面のテスト 表示の確認 他人の投稿は表示されない
      [31mFailure/Error: expect(page).not_to have_content other_book.title[0m
      [31m  expected not to find text "gmjpa" in "Bookers Home Users Books Log out\nUser info\nname\n17uciumpfh\nintroduction\ngc87opbjmzf2z7ssz26n\nUpdate User\nNew book\n# local:trueを追加\nショップ名\n説明\n#一度に統合したもの\nTitle Opinion 投稿ユーザー画像 ユーザーネーム 6242e dgvlxlig2uk7novys903 # 17uciumpfh gmjpa n0cij4iz91lcf8gxy1h0 # v8c994jd3d\nCopyRight Infratop"[0m
      [36m# ./spec/system/02_after_login_spec.rb:334:in `block (4 levels) in <main>'[0m

  15) [STEP3] 仕上げのテスト 処理失敗時のテスト ユーザのプロフィール情報編集失敗: nameを1文字にする バリデーションエラーが表示される
      [31mFailure/Error: expect(page).to have_content "is too short (minimum is 2 characters)"[0m
      [31m  expected to find text "is too short (minimum is 2 characters)" in "Bookers Home Users Books Log out\nError: Profile update error.\nEdit profile\nName\nProfileImage Introduction\nCopyRight Infratop"[0m
      [36m# ./spec/system/03_finishing_touches_spec.rb:116:in `block (4 levels) in <main>'[0m

  16) [STEP3] 仕上げのテスト 処理失敗時のテスト 投稿データの新規投稿失敗: 投稿一覧画面から行い、titleを空にする 投稿が保存されない
      [31mFailure/Error: <%= image_tag user.get_profile_image(100, 100) %>[0m
      [31m[0m
      [31mActionView::Template::Error:[0m
      [31m  undefined method `get_profile_image' for nil:NilClass[0m
      [36m# ./app/views/users/_profile.html.erb:3:in `_app_views_users__profile_html_erb__531230653145041340_24960'[0m
      [36m# ./app/views/books/index.html.erb:10:in `_app_views_books_index_html_erb___2399391293705958547_29000'[0m
      [36m# ./app/controllers/books_controller.rb:14:in `create'[0m
      [36m# ./spec/system/03_finishing_touches_spec.rb:132:in `block (5 levels) in <main>'[0m
      [36m# ./spec/system/03_finishing_touches_spec.rb:132:in `block (4 levels) in <main>'[0m
      [36m# ------------------[0m
      [36m# --- Caused by: ---[0m
      [36m# NoMethodError:[0m
      [36m#   undefined method `get_profile_image' for nil:NilClass[0m
      [36m#   ./app/views/users/_profile.html.erb:3:in `_app_views_users__profile_html_erb__531230653145041340_24960'[0m

  17) [STEP3] 仕上げのテスト 処理失敗時のテスト 投稿データの新規投稿失敗: 投稿一覧画面から行い、titleを空にする 投稿一覧画面を表示している
      [31mFailure/Error: <%= image_tag user.get_profile_image(100, 100) %>[0m
      [31m[0m
      [31mActionView::Template::Error:[0m
      [31m  undefined method `get_profile_image' for nil:NilClass[0m
      [36m# ./app/views/users/_profile.html.erb:3:in `_app_views_users__profile_html_erb__531230653145041340_24960'[0m
      [36m# ./app/views/books/index.html.erb:10:in `_app_views_books_index_html_erb___2399391293705958547_29000'[0m
      [36m# ./app/controllers/books_controller.rb:14:in `create'[0m
      [36m# ./spec/system/03_finishing_touches_spec.rb:135:in `block (4 levels) in <main>'[0m
      [36m# ------------------[0m
      [36m# --- Caused by: ---[0m
      [36m# NoMethodError:[0m
      [36m#   undefined method `get_profile_image' for nil:NilClass[0m
      [36m#   ./app/views/users/_profile.html.erb:3:in `_app_views_users__profile_html_erb__531230653145041340_24960'[0m

  18) [STEP3] 仕上げのテスト 処理失敗時のテスト 投稿データの新規投稿失敗: 投稿一覧画面から行い、titleを空にする バリデーションエラーが表示される
      [31mFailure/Error: <%= image_tag user.get_profile_image(100, 100) %>[0m
      [31m[0m
      [31mActionView::Template::Error:[0m
      [31m  undefined method `get_profile_image' for nil:NilClass[0m
      [36m# ./app/views/users/_profile.html.erb:3:in `_app_views_users__profile_html_erb__531230653145041340_24960'[0m
      [36m# ./app/views/books/index.html.erb:10:in `_app_views_books_index_html_erb___2399391293705958547_29000'[0m
      [36m# ./app/controllers/books_controller.rb:14:in `create'[0m
      [36m# ./spec/system/03_finishing_touches_spec.rb:145:in `block (4 levels) in <main>'[0m
      [36m# ------------------[0m
      [36m# --- Caused by: ---[0m
      [36m# NoMethodError:[0m
      [36m#   undefined method `get_profile_image' for nil:NilClass[0m
      [36m#   ./app/views/users/_profile.html.erb:3:in `_app_views_users__profile_html_erb__531230653145041340_24960'[0m

  19) [STEP3] 仕上げのテスト 他人の画面のテスト 他人の投稿詳細画面のテスト 表示内容の確認 ユーザ画像・名前のリンク先が正しい
      [31mFailure/Error: expect(page).to have_link other_book.user.name, href: user_path(other_book.user)[0m
      [31m  expected to find link "89k69t2rzi" with href "/users/2" but there were no matches[0m
      [36m# ./spec/system/03_finishing_touches_spec.rb:226:in `block (5 levels) in <main>'[0m

  20) [STEP3] 仕上げのテスト 他人の画面のテスト 他人の投稿詳細画面のテスト 表示内容の確認 投稿の編集リンクが表示されない
      [31mFailure/Error: expect(page).not_to have_link 'Edit'[0m
      [31m  expected not to find visible link "Edit", found 1 match: "Edit"[0m
      [36m# ./spec/system/03_finishing_touches_spec.rb:235:in `block (5 levels) in <main>'[0m

  21) [STEP3] 仕上げのテスト 他人の画面のテスト 他人の投稿詳細画面のテスト サイドバーの確認 他人のユーザ編集画面へのリンクが存在する
      [31mFailure/Error: expect(page).to have_link '', href: edit_user_path(other_user)[0m
      [31m  expected to find link "" with href "/users/2/edit" but there were no matches[0m
      [36m# ./spec/system/03_finishing_touches_spec.rb:248:in `block (5 levels) in <main>'[0m

  22) [STEP3] 仕上げのテスト 他人の画面のテスト 他人の投稿編集画面 遷移できず、投稿一覧画面にリダイレクトされる
      [31mFailure/Error: expect(current_path).to eq '/books'[0m
      [31m[0m
      [31m  expected: "/books"[0m
      [31m       got: "/books/3/edit"[0m
      [31m[0m
      [31m  (compared using ==)[0m
      [36m# ./spec/system/03_finishing_touches_spec.rb:269:in `block (4 levels) in <main>'[0m

  23) [STEP3] 仕上げのテスト 他人の画面のテスト 他人のユーザ詳細画面のテスト 表示の確認 自分の投稿は表示されない
      [31mFailure/Error: expect(page).not_to have_content book.title[0m
      [31m  expected not to find text "agbwi" in "Bookers Home Users Books Log out\nUser info\nname\nnwv54hv4al\nintroduction\n075zbmlksil9ogzxcokt\nUpdate User\nNew book\n# local:trueを追加\nショップ名\n説明\n#一度に統合したもの\nTitle Opinion 投稿ユーザー画像 ユーザーネーム agbwi wk8e19jtl33nuwtv8skf # nwv54hv4al drbps jfp9lhnv57qcts6q9x1f # eemmztegpr\nCopyRight Infratop"[0m
      [36m# ./spec/system/03_finishing_touches_spec.rb:292:in `block (5 levels) in <main>'[0m

  24) [STEP3] 仕上げのテスト 他人の画面のテスト 他人のユーザ詳細画面のテスト サイドバーの確認 他人の名前と紹介文が表示される
      [31mFailure/Error: expect(page).to have_content other_user.introduction[0m
      [31m  expected to find text "ho20fteupei7549ws106" in "Bookers Home Users Books Log out\nUser info\nname\n0c12y6hh2z\nintroduction\nzqc34i2c5i7jdnypr42i\nUpdate User\nNew book\n# local:trueを追加\nショップ名\n説明\n#一度に統合したもの\nTitle Opinion 投稿ユーザー画像 ユーザーネーム hja31 zm8s716je9y4h7kq9gcg # 0c12y6hh2z wwz74 5viw9g3l6wtgremlk1yk # hjd78bixdd\nCopyRight Infratop"[0m
      [36m# ./spec/system/03_finishing_touches_spec.rb:300:in `block (5 levels) in <main>'[0m

  25) [STEP3] 仕上げのテスト 他人の画面のテスト 他人のユーザ詳細画面のテスト サイドバーの確認 他人のユーザ編集画面へのリンクが存在する
      [31mFailure/Error: expect(page).to have_link '', href: edit_user_path(other_user)[0m
      [31m  expected to find link "" with href "/users/2/edit" but there were no matches[0m
      [36m# ./spec/system/03_finishing_touches_spec.rb:303:in `block (5 levels) in <main>'[0m

  26) [STEP3] 仕上げのテスト 他人の画面のテスト 他人のユーザ詳細画面のテスト サイドバーの確認 自分の名前と紹介文は表示されない
      [31mFailure/Error: expect(page).not_to have_content user.name[0m
      [31m  expected not to find text "zkxs5szdz0" in "Bookers Home Users Books Log out\nUser info\nname\nzkxs5szdz0\nintroduction\nvkmw2kqmdmw8fz7nbdq2\nUpdate User\nNew book\n# local:trueを追加\nショップ名\n説明\n#一度に統合したもの\nTitle Opinion 投稿ユーザー画像 ユーザーネーム k47cf p4fm3zczsaodimngko74 # zkxs5szdz0 6231e q1j3p1jwek9wskjxs8a9 # zq59ya3d3x\nCopyRight Infratop"[0m
      [36m# ./spec/system/03_finishing_touches_spec.rb:306:in `block (5 levels) in <main>'[0m

  27) [STEP3] 仕上げのテスト 他人の画面のテスト 他人のユーザ詳細画面のテスト サイドバーの確認 自分のユーザ編集画面へのリンクは存在しない
      [31mFailure/Error: expect(page).not_to have_link '', href: edit_user_path(user)[0m
      [31m  expected not to find visible link "" with href "/users/1/edit", found 1 match: "Update User"[0m
      [36m# ./spec/system/03_finishing_touches_spec.rb:310:in `block (5 levels) in <main>'[0m

  28) [STEP3] 仕上げのテスト 他人の画面のテスト 他人のユーザ情報編集画面 遷移できず、自分のユーザ詳細画面にリダイレクトされる
      [31mFailure/Error: expect(current_path).to eq '/users/' + user.id.to_s[0m
      [31m[0m
      [31m  expected: "/users/1"[0m
      [31m       got: "/users/2/edit"[0m
      [31m[0m
      [31m  (compared using ==)[0m
      [36m# ./spec/system/03_finishing_touches_spec.rb:318:in `block (4 levels) in <main>'[0m

  29) [STEP3] 仕上げのテスト グリッドシステムのテスト: container, row, col-md-〇を正しく使えている ユーザ一覧画面
      [31mFailure/Error: Unable to find matching line in /home/ec2-user/environment/bookers_2/app/views/users/index.html.erb[0m
      [31m[0m
      [31mActionView::SyntaxErrorInTemplate:[0m
      [31m  Encountered a syntax error while rendering template: check <div class="container">[0m
      [31m    <div class="row">[0m
      [31m      <div class="col-md-3">[0m
      [31m  <table>[0m
      [31m      <tbody>[0m
      [31m      <tr>[0m
      [31m        <td><i class="fa-solid fa-user-cog"></i> User info</td>[0m
      [31m      </tr>[0m
      [31m    [0m
      [31m      <%= render 'users/profile', user: @user %>[0m
      [31m      <tr>[0m
      [31m        <td><i class="fa-solid fa-book"></i> New book</td>[0m
      [31m      </tr>[0m
      [31m      <%= render 'books/list', book: @book %>[0m
      [31m      </tbody>[0m
      [31m      </table>[0m
      [31m    </div>[0m
      [31m    <div class="col-md-8 offset-md-1">[0m
      [31m    <table class="table">[0m
      [31m      <thead>[0m
      [31m        <tr>[0m
      [31m          <th>画像</th>[0m
      [31m          <th>名前</th>[0m
      [31m          <th>詳細</th>[0m
      [31m          <th>アクション</th>[0m
      [31m        </tr>[0m
      [31m      </thead>[0m
      [31m      <tbody>[0m
      [31m        <% @users.each do |user| %>[0m
      [31m          <tr>[0m
      [31m            <td><%= image_tag user.get_profile_image(200, 200) %></td>[0m
      [31m            [0m
      [31m            <td><%= user.name %></td>[0m
      [31m            [0m
      [31m            <td><%= link_to 'Show', user_path(user.id) %></td>[0m
      [31m            [0m
      [31m            <td>[0m
      [31m              <% if user == current_user %>[0m
      [31m                <%= link_to 'Edit profile', edit_user_path(user.id) %>[0m
      [31m              <% else %>[0m
      [31m                <%= link_to "Edit profile, user_path(user.id) %>[0m
      [31m              <% end %>[0m
      [31m            </td>[0m
      [31m          </tr>[0m
      [31m        <% end %>[0m
      [31m      </tbody>[0m
      [31m    </table>[0m
      [31m  </div>[0m
      [31m[0m
      [31m    </div>[0m
      [31m  </div>[0m
      [36m# ./app/views/users/index.html.erb:53: unterminated string meets end of file[0m
      [36m#           end[0m
      [36m#              ^[0m
      [36m# ./app/views/users/index.html.erb:53: syntax error, unexpected end-of-input, expecting ')'[0m
      [36m#           end[0m
      [36m#              ^[0m
      [36m# ./app/views/users/index.html.erb:53: unterminated string meets end of file[0m
      [36m#           end[0m
      [36m#              ^[0m
      [36m# ./app/views/users/index.html.erb:53: syntax error, unexpected end-of-input, expecting ')'[0m
      [36m#           end[0m
      [36m#              ^[0m
      [36m# ./spec/system/03_finishing_touches_spec.rb:334:in `block (3 levels) in <main>'[0m
      [36m# ------------------[0m
      [36m# --- Caused by: ---[0m
      [36m# SyntaxError:[0m
      [36m#   /home/ec2-user/environment/bookers_2/app/views/users/index.html.erb:53: unterminated string meets end of file[0m
      [36m#             end[0m
      [36m#                ^[0m
      [36m#   /home/ec2-user/environment/bookers_2/app/views/users/index.html.erb:53: syntax error, unexpected end-of-input, expecting ')'[0m
      [36m#             end[0m
      [36m#                ^[0m
      [36m#   ./app/views/users/index.html.erb:53: unterminated string meets end of file[0m

  30) [STEP3] 仕上げのテスト アイコンのテスト サイドバー ユーザ一覧画面でレンチアイコンが表示される
      [31mFailure/Error: Unable to find matching line in /home/ec2-user/environment/bookers_2/app/views/users/index.html.erb[0m
      [31m[0m
      [31mActionView::SyntaxErrorInTemplate:[0m
      [31m  Encountered a syntax error while rendering template: check <div class="container">[0m
      [31m    <div class="row">[0m
      [31m      <div class="col-md-3">[0m
      [31m  <table>[0m
      [31m      <tbody>[0m
      [31m      <tr>[0m
      [31m        <td><i class="fa-solid fa-user-cog"></i> User info</td>[0m
      [31m      </tr>[0m
      [31m    [0m
      [31m      <%= render 'users/profile', user: @user %>[0m
      [31m      <tr>[0m
      [31m        <td><i class="fa-solid fa-book"></i> New book</td>[0m
      [31m      </tr>[0m
      [31m      <%= render 'books/list', book: @book %>[0m
      [31m      </tbody>[0m
      [31m      </table>[0m
      [31m    </div>[0m
      [31m    <div class="col-md-8 offset-md-1">[0m
      [31m    <table class="table">[0m
      [31m      <thead>[0m
      [31m        <tr>[0m
      [31m          <th>画像</th>[0m
      [31m          <th>名前</th>[0m
      [31m          <th>詳細</th>[0m
      [31m          <th>アクション</th>[0m
      [31m        </tr>[0m
      [31m      </thead>[0m
      [31m      <tbody>[0m
      [31m        <% @users.each do |user| %>[0m
      [31m          <tr>[0m
      [31m            <td><%= image_tag user.get_profile_image(200, 200) %></td>[0m
      [31m            [0m
      [31m            <td><%= user.name %></td>[0m
      [31m            [0m
      [31m            <td><%= link_to 'Show', user_path(user.id) %></td>[0m
      [31m            [0m
      [31m            <td>[0m
      [31m              <% if user == current_user %>[0m
      [31m                <%= link_to 'Edit profile', edit_user_path(user.id) %>[0m
      [31m              <% else %>[0m
      [31m                <%= link_to "Edit profile, user_path(user.id) %>[0m
      [31m              <% end %>[0m
      [31m            </td>[0m
      [31m          </tr>[0m
      [31m        <% end %>[0m
      [31m      </tbody>[0m
      [31m    </table>[0m
      [31m  </div>[0m
      [31m[0m
      [31m    </div>[0m
      [31m  </div>[0m
      [36m# ./app/views/users/index.html.erb:53: unterminated string meets end of file[0m
      [36m#           end[0m
      [36m#              ^[0m
      [36m# ./app/views/users/index.html.erb:53: syntax error, unexpected end-of-input, expecting ')'[0m
      [36m#           end[0m
      [36m#              ^[0m
      [36m# ./app/views/users/index.html.erb:53: unterminated string meets end of file[0m
      [36m#           end[0m
      [36m#              ^[0m
      [36m# ./app/views/users/index.html.erb:53: syntax error, unexpected end-of-input, expecting ')'[0m
      [36m#           end[0m
      [36m#              ^[0m
      [36m# ./spec/system/03_finishing_touches_spec.rb:436:in `block (4 levels) in <main>'[0m
      [36m# ------------------[0m
      [36m# --- Caused by: ---[0m
      [36m# SyntaxError:[0m
      [36m#   /home/ec2-user/environment/bookers_2/app/views/users/index.html.erb:53: unterminated string meets end of file[0m
      [36m#             end[0m
      [36m#                ^[0m
      [36m#   /home/ec2-user/environment/bookers_2/app/views/users/index.html.erb:53: syntax error, unexpected end-of-input, expecting ')'[0m
      [36m#             end[0m
      [36m#                ^[0m
      [36m#   ./app/views/users/index.html.erb:53: unterminated string meets end of file[0m

Finished in 28.93 seconds (files took 1.24 seconds to load)
[31m201 examples, 30 failures[0m

Failed examples:

[31mrspec ./spec/system/02_after_login_spec.rb:26[0m [36m# [STEP2] ユーザログイン後のテスト ヘッダーのテスト: ログインしている場合 リンクの内容を確認: ※logoutは『ユーザログアウトのテスト』でテスト済みになります。 Usersを押すと、ユーザ一覧画面に遷移する[0m
[31mrspec ./spec/system/02_after_login_spec.rb:269[0m [36m# [STEP2] ユーザログイン後のテスト ユーザ一覧画面のテスト 表示内容の確認 URLが正しい[0m
[31mrspec ./spec/system/02_after_login_spec.rb:272[0m [36m# [STEP2] ユーザログイン後のテスト ユーザ一覧画面のテスト 表示内容の確認 自分と他人の画像が表示される: fallbackの画像がサイドバーの1つ＋一覧(2人)の2つの計3つ存在する[0m
[31mrspec ./spec/system/02_after_login_spec.rb:275[0m [36m# [STEP2] ユーザログイン後のテスト ユーザ一覧画面のテスト 表示内容の確認 自分と他人の名前がそれぞれ表示される[0m
[31mrspec ./spec/system/02_after_login_spec.rb:279[0m [36m# [STEP2] ユーザログイン後のテスト ユーザ一覧画面のテスト 表示内容の確認 自分と他人のshowリンクがそれぞれ表示される[0m
[31mrspec ./spec/system/02_after_login_spec.rb:286[0m [36m# [STEP2] ユーザログイン後のテスト ユーザ一覧画面のテスト サイドバーの確認 自分の名前と紹介文が表示される[0m
[31mrspec ./spec/system/02_after_login_spec.rb:290[0m [36m# [STEP2] ユーザログイン後のテスト ユーザ一覧画面のテスト サイドバーの確認 自分のユーザ編集画面へのリンクが存在する[0m
[31mrspec ./spec/system/02_after_login_spec.rb:293[0m [36m# [STEP2] ユーザログイン後のテスト ユーザ一覧画面のテスト サイドバーの確認 「New book」と表示される[0m
[31mrspec ./spec/system/02_after_login_spec.rb:296[0m [36m# [STEP2] ユーザログイン後のテスト ユーザ一覧画面のテスト サイドバーの確認 titleフォームが表示される[0m
[31mrspec ./spec/system/02_after_login_spec.rb:299[0m [36m# [STEP2] ユーザログイン後のテスト ユーザ一覧画面のテスト サイドバーの確認 titleフォームに値が入っていない[0m
[31mrspec ./spec/system/02_after_login_spec.rb:302[0m [36m# [STEP2] ユーザログイン後のテスト ユーザ一覧画面のテスト サイドバーの確認 bodyフォームが表示される[0m
[31mrspec ./spec/system/02_after_login_spec.rb:305[0m [36m# [STEP2] ユーザログイン後のテスト ユーザ一覧画面のテスト サイドバーの確認 bodyフォームに値が入っていない[0m
[31mrspec ./spec/system/02_after_login_spec.rb:308[0m [36m# [STEP2] ユーザログイン後のテスト ユーザ一覧画面のテスト サイドバーの確認 Create Bookボタンが表示される[0m
[31mrspec ./spec/system/02_after_login_spec.rb:332[0m [36m# [STEP2] ユーザログイン後のテスト 自分のユーザ詳細画面のテスト 表示の確認 他人の投稿は表示されない[0m
[31mrspec ./spec/system/03_finishing_touches_spec.rb:115[0m [36m# [STEP3] 仕上げのテスト 処理失敗時のテスト ユーザのプロフィール情報編集失敗: nameを1文字にする バリデーションエラーが表示される[0m
[31mrspec ./spec/system/03_finishing_touches_spec.rb:131[0m [36m# [STEP3] 仕上げのテスト 処理失敗時のテスト 投稿データの新規投稿失敗: 投稿一覧画面から行い、titleを空にする 投稿が保存されない[0m
[31mrspec ./spec/system/03_finishing_touches_spec.rb:134[0m [36m# [STEP3] 仕上げのテスト 処理失敗時のテスト 投稿データの新規投稿失敗: 投稿一覧画面から行い、titleを空にする 投稿一覧画面を表示している[0m
[31mrspec ./spec/system/03_finishing_touches_spec.rb:144[0m [36m# [STEP3] 仕上げのテスト 処理失敗時のテスト 投稿データの新規投稿失敗: 投稿一覧画面から行い、titleを空にする バリデーションエラーが表示される[0m
[31mrspec ./spec/system/03_finishing_touches_spec.rb:225[0m [36m# [STEP3] 仕上げのテスト 他人の画面のテスト 他人の投稿詳細画面のテスト 表示内容の確認 ユーザ画像・名前のリンク先が正しい[0m
[31mrspec ./spec/system/03_finishing_touches_spec.rb:234[0m [36m# [STEP3] 仕上げのテスト 他人の画面のテスト 他人の投稿詳細画面のテスト 表示内容の確認 投稿の編集リンクが表示されない[0m
[31mrspec ./spec/system/03_finishing_touches_spec.rb:247[0m [36m# [STEP3] 仕上げのテスト 他人の画面のテスト 他人の投稿詳細画面のテスト サイドバーの確認 他人のユーザ編集画面へのリンクが存在する[0m
[31mrspec ./spec/system/03_finishing_touches_spec.rb:265[0m [36m# [STEP3] 仕上げのテスト 他人の画面のテスト 他人の投稿編集画面 遷移できず、投稿一覧画面にリダイレクトされる[0m
[31mrspec ./spec/system/03_finishing_touches_spec.rb:291[0m [36m# [STEP3] 仕上げのテスト 他人の画面のテスト 他人のユーザ詳細画面のテスト 表示の確認 自分の投稿は表示されない[0m
[31mrspec ./spec/system/03_finishing_touches_spec.rb:298[0m [36m# [STEP3] 仕上げのテスト 他人の画面のテスト 他人のユーザ詳細画面のテスト サイドバーの確認 他人の名前と紹介文が表示される[0m
[31mrspec ./spec/system/03_finishing_touches_spec.rb:302[0m [36m# [STEP3] 仕上げのテスト 他人の画面のテスト 他人のユーザ詳細画面のテスト サイドバーの確認 他人のユーザ編集画面へのリンクが存在する[0m
[31mrspec ./spec/system/03_finishing_touches_spec.rb:305[0m [36m# [STEP3] 仕上げのテスト 他人の画面のテスト 他人のユーザ詳細画面のテスト サイドバーの確認 自分の名前と紹介文は表示されない[0m
[31mrspec ./spec/system/03_finishing_touches_spec.rb:309[0m [36m# [STEP3] 仕上げのテスト 他人の画面のテスト 他人のユーザ詳細画面のテスト サイドバーの確認 自分のユーザ編集画面へのリンクは存在しない[0m
[31mrspec ./spec/system/03_finishing_touches_spec.rb:316[0m [36m# [STEP3] 仕上げのテスト 他人の画面のテスト 他人のユーザ情報編集画面 遷移できず、自分のユーザ詳細画面にリダイレクトされる[0m
[31mrspec ./spec/system/03_finishing_touches_spec.rb:333[0m [36m# [STEP3] 仕上げのテスト グリッドシステムのテスト: container, row, col-md-〇を正しく使えている ユーザ一覧画面[0m
[31mrspec ./spec/system/03_finishing_touches_spec.rb:435[0m [36m# [STEP3] 仕上げのテスト アイコンのテスト サイドバー ユーザ一覧画面でレンチアイコンが表示される[0m

